<?xml version="1.0" encoding="UTF-8"?>
<!-- Generated by org.testng.reporters.JUnitXMLReporter -->
<testsuite hostname="Jarvis" ignored="0" name="Default test" tests="3" failures="0" timestamp="31 Mar 2019 16:26:15 GMT" time="111.002" errors="0">
  <testcase name="testLogin" time="53.944" classname="com.test.cipherhut.LoginTest"/>
  <testcase name="generateCSVPairs" time="17.391" classname="com.test.cipherhut.LoginTest"/>
  <testcase name="checkBalance" time="26.309" classname="com.test.cipherhut.LoginTest"/>
</testsuite> <!-- Default test -->
