<?xml version="1.0" encoding="UTF-8"?>
<!-- Generated by org.testng.reporters.JUnitXMLReporter -->
<testsuite hostname="Jarvis" ignored="0" name="Default test" tests="3" failures="0" timestamp="07 Apr 2019 07:35:26 GMT" time="76.408" errors="0">
  <testcase name="testLogin" time="30.56" classname="com.test.cipherhut.LoginTest"/>
  <testcase name="generateCSVPairs" time="12.482" classname="com.test.cipherhut.LoginTest"/>
  <testcase name="checkBalance" time="25.194" classname="com.test.cipherhut.LoginTest"/>
</testsuite> <!-- Default test -->
