<?xml version="1.0" encoding="UTF-8"?>
<testng-results skipped="0" failed="0" ignored="0" total="3" passed="3">
  <reporter-output>
  </reporter-output>
  <suite name="Default suite" duration-ms="76408" started-at="2019-04-07T07:34:10Z" finished-at="2019-04-07T07:35:26Z">
    <groups>
    </groups>
    <test name="Default test" duration-ms="76408" started-at="2019-04-07T07:34:10Z" finished-at="2019-04-07T07:35:26Z">
      <class name="com.test.cipherhut.LoginTest">
        <test-method status="PASS" signature="setUp()[pri:0, instance:com.test.cipherhut.LoginTest@3e6fa38a]" name="setUp" is-config="true" duration-ms="6007" started-at="2019-04-07T13:04:10Z" finished-at="2019-04-07T13:04:16Z">
          <reporter-output>
          </reporter-output>
        </test-method> <!-- setUp -->
        <test-method status="PASS" signature="testLogin()[pri:0, instance:com.test.cipherhut.LoginTest@3e6fa38a]" name="testLogin" duration-ms="30560" started-at="2019-04-07T13:04:16Z" finished-at="2019-04-07T13:04:46Z">
          <reporter-output>
          </reporter-output>
        </test-method> <!-- testLogin -->
        <test-method status="PASS" signature="generateCSVPairs()[pri:0, instance:com.test.cipherhut.LoginTest@3e6fa38a]" name="generateCSVPairs" duration-ms="12482" started-at="2019-04-07T13:04:46Z" depends-on-methods="com.test.cipherhut.LoginTest.testLogin" finished-at="2019-04-07T13:04:59Z">
          <reporter-output>
          </reporter-output>
        </test-method> <!-- generateCSVPairs -->
        <test-method status="PASS" signature="checkBalance()[pri:0, instance:com.test.cipherhut.LoginTest@3e6fa38a]" name="checkBalance" duration-ms="25194" started-at="2019-04-07T13:04:59Z" depends-on-methods="com.test.cipherhut.LoginTest.generateCSVPairs" finished-at="2019-04-07T13:05:24Z">
          <reporter-output>
          </reporter-output>
        </test-method> <!-- checkBalance -->
        <test-method status="PASS" signature="close()[pri:0, instance:com.test.cipherhut.LoginTest@3e6fa38a]" name="close" is-config="true" duration-ms="2140" started-at="2019-04-07T13:05:24Z" finished-at="2019-04-07T13:05:26Z">
          <reporter-output>
          </reporter-output>
        </test-method> <!-- close -->
      </class> <!-- com.test.cipherhut.LoginTest -->
    </test> <!-- Default test -->
  </suite> <!-- Default suite -->
</testng-results>
